<?xml version="1.0" encoding="UTF-8"?>
<!-- Generated by org.testng.reporters.JUnitXMLReporter -->
<testsuite ignored="0" hostname="DESKTOP-GOKNI3R" failures="0" tests="4" name="Bestbuy Test Cases" time="294.511" errors="0" timestamp="2022-04-30T02:02:55 CDT">
  <testcase classname="com.Test.HomePageTest" name="pageTitleTest" time="3.919"/>
  <testcase classname="com.Test.HomePageTest" name="clickBestBuyOutlet" time="42.131"/>
  <testcase classname="com.Test.LoginPageTest" name="PageTitleTest" time="0.243"/>
  <testcase classname="com.Test.LoginPageTest" name="loginTest" time="43.754"/>
</testsuite> <!-- Bestbuy Test Cases -->
