<?xml version="1.0" encoding="UTF-8"?>
<testng-results ignored="0" total="1" passed="1" failed="0" skipped="0">
  <reporter-output>
  </reporter-output>
  <suite started-at="2022-05-04T05:15:25 CDT" name="Default suite" finished-at="2022-05-04T05:15:25 CDT" duration-ms="348">
    <groups>
    </groups>
    <test started-at="2022-05-04T05:15:25 CDT" name="Default test" finished-at="2022-05-04T05:15:25 CDT" duration-ms="348">
      <class name="com.Bootcamp.CountriesTbl">
        <test-method signature="getCountriesData()[pri:0, instance:com.Bootcamp.CountriesTbl@48aaecc3]" started-at="2022-05-04T05:15:25 CDT" name="getCountriesData" finished-at="2022-05-04T05:15:25 CDT" duration-ms="322" status="PASS">
          <reporter-output>
          </reporter-output>
        </test-method> <!-- getCountriesData -->
      </class> <!-- com.Bootcamp.CountriesTbl -->
    </test> <!-- Default test -->
  </suite> <!-- Default suite -->
</testng-results>
