<?xml version="1.0" encoding="UTF-8"?>
<!-- Generated by org.testng.reporters.JUnitXMLReporter -->
<testsuite ignored="0" hostname="DESKTOP-GOKNI3R" failures="0" tests="4" name="Test" time="184.338" errors="0" timestamp="2022-04-27T07:56:40 CDT">
  <testcase classname="com.Test.HomePageTest" name="clickBestBuyOutlet" time="20.582"/>
  <testcase classname="com.Test.HomePageTest" name="pageTitleTest" time="0.098"/>
  <testcase classname="com.Test.LoginPageTest" name="PageTitleTest" time="0.483"/>
  <testcase classname="com.Test.LoginPageTest" name="loginTest" time="38.039"/>
</testsuite> <!-- Test -->
